2024-12-30 00:59:20,030 - INFO - 'Загрузить на сервер' button clicked
2024-12-30 00:59:20,030 - INFO - 'Загрузить на сервер' button clicked
2024-12-30 00:59:20,030 - INFO - 'Загрузить на сервер' button clicked
2024-12-30 00:59:20,030 - INFO - 'Загрузить на сервер' button clicked
2024-12-30 01:22:11,196 - INFO - Get model info button showed
2024-12-30 01:22:17,575 - INFO - Label found successfully
2024-12-30 01:22:17,575 - INFO - Label found successfully
2024-12-30 01:22:17,584 - INFO - Labels are complete
2024-12-30 01:22:17,584 - INFO - Labels are complete
2024-12-30 01:22:17,604 - INFO - 3 images successfully encoded
2024-12-30 01:22:17,604 - INFO - 3 images successfully encoded
2024-12-30 01:22:17,607 - INFO - Get model info button showed
2024-12-30 01:22:17,607 - INFO - Get model info button showed
2024-12-30 01:22:23,881 - INFO - Label found successfully
2024-12-30 01:22:23,881 - INFO - Label found successfully
2024-12-30 01:22:23,881 - INFO - Label found successfully
2024-12-30 01:22:23,884 - INFO - Labels are complete
2024-12-30 01:22:23,884 - INFO - Labels are complete
2024-12-30 01:22:23,884 - INFO - Labels are complete
2024-12-30 01:22:23,904 - INFO - 3 images successfully encoded
2024-12-30 01:22:23,904 - INFO - 3 images successfully encoded
2024-12-30 01:22:23,904 - INFO - 3 images successfully encoded
2024-12-30 01:22:23,905 - INFO - 'Upload photo on server' button clicked
2024-12-30 01:22:23,905 - INFO - 'Upload photo on server' button clicked
2024-12-30 01:22:23,905 - INFO - 'Upload photo on server' button clicked
2024-12-30 01:22:28,675 - INFO - Get model info button showed
2024-12-30 01:22:28,675 - INFO - Get model info button showed
2024-12-30 01:22:28,675 - INFO - Get model info button showed
2024-12-30 01:22:40,890 - INFO - Label found successfully
2024-12-30 01:22:40,890 - INFO - Label found successfully
2024-12-30 01:22:40,890 - INFO - Label found successfully
2024-12-30 01:22:40,890 - INFO - Label found successfully
2024-12-30 01:22:40,897 - INFO - Labels are complete
2024-12-30 01:22:40,897 - INFO - Labels are complete
2024-12-30 01:22:40,897 - INFO - Labels are complete
2024-12-30 01:22:40,897 - INFO - Labels are complete
2024-12-30 01:22:40,914 - INFO - 3 images successfully encoded
2024-12-30 01:22:40,914 - INFO - 3 images successfully encoded
2024-12-30 01:22:40,914 - INFO - 3 images successfully encoded
2024-12-30 01:22:40,914 - INFO - 3 images successfully encoded
2024-12-30 01:22:40,915 - INFO - Show EDA button clicked
2024-12-30 01:22:40,915 - INFO - Show EDA button clicked
2024-12-30 01:22:40,915 - INFO - Show EDA button clicked
2024-12-30 01:22:40,915 - INFO - Show EDA button clicked
2024-12-30 01:22:40,932 - INFO - Get model info button showed
2024-12-30 01:22:40,932 - INFO - Get model info button showed
2024-12-30 01:22:40,932 - INFO - Get model info button showed
2024-12-30 01:22:40,932 - INFO - Get model info button showed
2024-12-30 01:23:17,784 - INFO - Label found successfully
2024-12-30 01:23:17,784 - INFO - Label found successfully
2024-12-30 01:23:17,784 - INFO - Label found successfully
2024-12-30 01:23:17,784 - INFO - Label found successfully
2024-12-30 01:23:17,784 - INFO - Label found successfully
2024-12-30 01:23:17,793 - INFO - Labels are complete
2024-12-30 01:23:17,793 - INFO - Labels are complete
2024-12-30 01:23:17,793 - INFO - Labels are complete
2024-12-30 01:23:17,793 - INFO - Labels are complete
2024-12-30 01:23:17,793 - INFO - Labels are complete
2024-12-30 01:23:17,815 - INFO - 3 images successfully encoded
2024-12-30 01:23:17,815 - INFO - 3 images successfully encoded
2024-12-30 01:23:17,815 - INFO - 3 images successfully encoded
2024-12-30 01:23:17,815 - INFO - 3 images successfully encoded
2024-12-30 01:23:17,815 - INFO - 3 images successfully encoded
2024-12-30 01:23:17,816 - INFO - Show EDA button clicked
2024-12-30 01:23:17,816 - INFO - Show EDA button clicked
2024-12-30 01:23:17,816 - INFO - Show EDA button clicked
2024-12-30 01:23:17,816 - INFO - Show EDA button clicked
2024-12-30 01:23:17,816 - INFO - Show EDA button clicked
2024-12-30 01:23:17,820 - INFO - Get model info button showed
2024-12-30 01:23:17,820 - INFO - Get model info button showed
2024-12-30 01:23:17,820 - INFO - Get model info button showed
2024-12-30 01:23:17,820 - INFO - Get model info button showed
2024-12-30 01:23:17,820 - INFO - Get model info button showed
2024-12-30 01:23:22,114 - INFO - Label found successfully
2024-12-30 01:23:22,114 - INFO - Label found successfully
2024-12-30 01:23:22,114 - INFO - Label found successfully
2024-12-30 01:23:22,114 - INFO - Label found successfully
2024-12-30 01:23:22,114 - INFO - Label found successfully
2024-12-30 01:23:22,114 - INFO - Label found successfully
2024-12-30 01:23:22,118 - INFO - Labels are complete
2024-12-30 01:23:22,118 - INFO - Labels are complete
2024-12-30 01:23:22,118 - INFO - Labels are complete
2024-12-30 01:23:22,118 - INFO - Labels are complete
2024-12-30 01:23:22,118 - INFO - Labels are complete
2024-12-30 01:23:22,118 - INFO - Labels are complete
2024-12-30 01:23:22,138 - INFO - 3 images successfully encoded
2024-12-30 01:23:22,138 - INFO - 3 images successfully encoded
2024-12-30 01:23:22,138 - INFO - 3 images successfully encoded
2024-12-30 01:23:22,138 - INFO - 3 images successfully encoded
2024-12-30 01:23:22,138 - INFO - 3 images successfully encoded
2024-12-30 01:23:22,138 - INFO - 3 images successfully encoded
2024-12-30 01:23:22,140 - INFO - Show EDA button clicked
2024-12-30 01:23:22,140 - INFO - Show EDA button clicked
2024-12-30 01:23:22,140 - INFO - Show EDA button clicked
2024-12-30 01:23:22,140 - INFO - Show EDA button clicked
2024-12-30 01:23:22,140 - INFO - Show EDA button clicked
2024-12-30 01:23:22,140 - INFO - Show EDA button clicked
2024-12-30 01:23:22,144 - INFO - Create and train model button clicked
2024-12-30 01:23:22,144 - INFO - Create and train model button clicked
2024-12-30 01:23:22,144 - INFO - Create and train model button clicked
2024-12-30 01:23:22,144 - INFO - Create and train model button clicked
2024-12-30 01:23:22,144 - INFO - Create and train model button clicked
2024-12-30 01:23:22,144 - INFO - Create and train model button clicked
2024-12-30 01:23:43,185 - INFO - Model werd trained and saved
2024-12-30 01:23:43,185 - INFO - Model werd trained and saved
2024-12-30 01:23:43,185 - INFO - Model werd trained and saved
2024-12-30 01:23:43,185 - INFO - Model werd trained and saved
2024-12-30 01:23:43,185 - INFO - Model werd trained and saved
2024-12-30 01:23:43,185 - INFO - Model werd trained and saved
2024-12-30 01:23:43,187 - INFO - Get model info button showed
2024-12-30 01:23:43,187 - INFO - Get model info button showed
2024-12-30 01:23:43,187 - INFO - Get model info button showed
2024-12-30 01:23:43,187 - INFO - Get model info button showed
2024-12-30 01:23:43,187 - INFO - Get model info button showed
2024-12-30 01:23:43,187 - INFO - Get model info button showed
2024-12-30 01:23:47,820 - INFO - Label found successfully
2024-12-30 01:23:47,820 - INFO - Label found successfully
2024-12-30 01:23:47,820 - INFO - Label found successfully
2024-12-30 01:23:47,820 - INFO - Label found successfully
2024-12-30 01:23:47,820 - INFO - Label found successfully
2024-12-30 01:23:47,820 - INFO - Label found successfully
2024-12-30 01:23:47,820 - INFO - Label found successfully
2024-12-30 01:23:47,827 - INFO - Labels are complete
2024-12-30 01:23:47,827 - INFO - Labels are complete
2024-12-30 01:23:47,827 - INFO - Labels are complete
2024-12-30 01:23:47,827 - INFO - Labels are complete
2024-12-30 01:23:47,827 - INFO - Labels are complete
2024-12-30 01:23:47,827 - INFO - Labels are complete
2024-12-30 01:23:47,827 - INFO - Labels are complete
2024-12-30 01:23:47,845 - INFO - 3 images successfully encoded
2024-12-30 01:23:47,845 - INFO - 3 images successfully encoded
2024-12-30 01:23:47,845 - INFO - 3 images successfully encoded
2024-12-30 01:23:47,845 - INFO - 3 images successfully encoded
2024-12-30 01:23:47,845 - INFO - 3 images successfully encoded
2024-12-30 01:23:47,845 - INFO - 3 images successfully encoded
2024-12-30 01:23:47,845 - INFO - 3 images successfully encoded
2024-12-30 01:23:47,847 - INFO - Show EDA button clicked
2024-12-30 01:23:47,847 - INFO - Show EDA button clicked
2024-12-30 01:23:47,847 - INFO - Show EDA button clicked
2024-12-30 01:23:47,847 - INFO - Show EDA button clicked
2024-12-30 01:23:47,847 - INFO - Show EDA button clicked
2024-12-30 01:23:47,847 - INFO - Show EDA button clicked
2024-12-30 01:23:47,847 - INFO - Show EDA button clicked
2024-12-30 01:23:47,849 - INFO - Get model info button clicked
2024-12-30 01:23:47,849 - INFO - Get model info button clicked
2024-12-30 01:23:47,849 - INFO - Get model info button clicked
2024-12-30 01:23:47,849 - INFO - Get model info button clicked
2024-12-30 01:23:47,849 - INFO - Get model info button clicked
2024-12-30 01:23:47,849 - INFO - Get model info button clicked
2024-12-30 01:23:47,849 - INFO - Get model info button clicked
2024-12-30 01:24:03,769 - INFO - Label found successfully
2024-12-30 01:24:03,769 - INFO - Label found successfully
2024-12-30 01:24:03,769 - INFO - Label found successfully
2024-12-30 01:24:03,769 - INFO - Label found successfully
2024-12-30 01:24:03,769 - INFO - Label found successfully
2024-12-30 01:24:03,769 - INFO - Label found successfully
2024-12-30 01:24:03,769 - INFO - Label found successfully
2024-12-30 01:24:03,769 - INFO - Label found successfully
2024-12-30 01:24:03,773 - INFO - Labels are complete
2024-12-30 01:24:03,773 - INFO - Labels are complete
2024-12-30 01:24:03,773 - INFO - Labels are complete
2024-12-30 01:24:03,773 - INFO - Labels are complete
2024-12-30 01:24:03,773 - INFO - Labels are complete
2024-12-30 01:24:03,773 - INFO - Labels are complete
2024-12-30 01:24:03,773 - INFO - Labels are complete
2024-12-30 01:24:03,773 - INFO - Labels are complete
2024-12-30 01:24:03,793 - INFO - 3 images successfully encoded
2024-12-30 01:24:03,793 - INFO - 3 images successfully encoded
2024-12-30 01:24:03,793 - INFO - 3 images successfully encoded
2024-12-30 01:24:03,793 - INFO - 3 images successfully encoded
2024-12-30 01:24:03,793 - INFO - 3 images successfully encoded
2024-12-30 01:24:03,793 - INFO - 3 images successfully encoded
2024-12-30 01:24:03,793 - INFO - 3 images successfully encoded
2024-12-30 01:24:03,793 - INFO - 3 images successfully encoded
2024-12-30 01:24:03,794 - INFO - Show EDA button clicked
2024-12-30 01:24:03,794 - INFO - Show EDA button clicked
2024-12-30 01:24:03,794 - INFO - Show EDA button clicked
2024-12-30 01:24:03,794 - INFO - Show EDA button clicked
2024-12-30 01:24:03,794 - INFO - Show EDA button clicked
2024-12-30 01:24:03,794 - INFO - Show EDA button clicked
2024-12-30 01:24:03,794 - INFO - Show EDA button clicked
2024-12-30 01:24:03,794 - INFO - Show EDA button clicked
2024-12-30 01:24:31,182 - INFO - Label found successfully
2024-12-30 01:24:31,182 - INFO - Label found successfully
2024-12-30 01:24:31,182 - INFO - Label found successfully
2024-12-30 01:24:31,182 - INFO - Label found successfully
2024-12-30 01:24:31,182 - INFO - Label found successfully
2024-12-30 01:24:31,182 - INFO - Label found successfully
2024-12-30 01:24:31,182 - INFO - Label found successfully
2024-12-30 01:24:31,182 - INFO - Label found successfully
2024-12-30 01:24:31,182 - INFO - Label found successfully
2024-12-30 01:24:31,189 - INFO - Labels are complete
2024-12-30 01:24:31,189 - INFO - Labels are complete
2024-12-30 01:24:31,189 - INFO - Labels are complete
2024-12-30 01:24:31,189 - INFO - Labels are complete
2024-12-30 01:24:31,189 - INFO - Labels are complete
2024-12-30 01:24:31,189 - INFO - Labels are complete
2024-12-30 01:24:31,189 - INFO - Labels are complete
2024-12-30 01:24:31,189 - INFO - Labels are complete
2024-12-30 01:24:31,189 - INFO - Labels are complete
2024-12-30 01:24:31,208 - INFO - 3 images successfully encoded
2024-12-30 01:24:31,208 - INFO - 3 images successfully encoded
2024-12-30 01:24:31,208 - INFO - 3 images successfully encoded
2024-12-30 01:24:31,208 - INFO - 3 images successfully encoded
2024-12-30 01:24:31,208 - INFO - 3 images successfully encoded
2024-12-30 01:24:31,208 - INFO - 3 images successfully encoded
2024-12-30 01:24:31,208 - INFO - 3 images successfully encoded
2024-12-30 01:24:31,208 - INFO - 3 images successfully encoded
2024-12-30 01:24:31,208 - INFO - 3 images successfully encoded
2024-12-30 01:24:31,209 - INFO - Show EDA button clicked
2024-12-30 01:24:31,209 - INFO - Show EDA button clicked
2024-12-30 01:24:31,209 - INFO - Show EDA button clicked
2024-12-30 01:24:31,209 - INFO - Show EDA button clicked
2024-12-30 01:24:31,209 - INFO - Show EDA button clicked
2024-12-30 01:24:31,209 - INFO - Show EDA button clicked
2024-12-30 01:24:31,209 - INFO - Show EDA button clicked
2024-12-30 01:24:31,209 - INFO - Show EDA button clicked
2024-12-30 01:24:31,209 - INFO - Show EDA button clicked
2024-12-30 01:24:33,234 - INFO - Model inference started
2024-12-30 01:24:33,234 - INFO - Model inference started
2024-12-30 01:24:33,234 - INFO - Model inference started
2024-12-30 01:24:33,234 - INFO - Model inference started
2024-12-30 01:24:33,234 - INFO - Model inference started
2024-12-30 01:24:33,234 - INFO - Model inference started
2024-12-30 01:24:33,234 - INFO - Model inference started
2024-12-30 01:24:33,234 - INFO - Model inference started
2024-12-30 01:24:33,234 - INFO - Model inference started
2024-12-30 01:24:35,239 - INFO - Model for predict selected
2024-12-30 01:24:35,239 - INFO - Model for predict selected
2024-12-30 01:24:35,239 - INFO - Model for predict selected
2024-12-30 01:24:35,239 - INFO - Model for predict selected
2024-12-30 01:24:35,239 - INFO - Model for predict selected
2024-12-30 01:24:35,239 - INFO - Model for predict selected
2024-12-30 01:24:35,239 - INFO - Model for predict selected
2024-12-30 01:24:35,239 - INFO - Model for predict selected
2024-12-30 01:24:35,239 - INFO - Model for predict selected
2024-12-30 01:24:35,239 - INFO - JPEG loader showed
2024-12-30 01:24:35,239 - INFO - JPEG loader showed
2024-12-30 01:24:35,239 - INFO - JPEG loader showed
2024-12-30 01:24:35,239 - INFO - JPEG loader showed
2024-12-30 01:24:35,239 - INFO - JPEG loader showed
2024-12-30 01:24:35,239 - INFO - JPEG loader showed
2024-12-30 01:24:35,239 - INFO - JPEG loader showed
2024-12-30 01:24:35,239 - INFO - JPEG loader showed
2024-12-30 01:24:35,239 - INFO - JPEG loader showed
